[19:41:36] [main/INFO]: Loading Minecraft 1.19.3 with Fabric Loader 0.14.11
[19:41:36] [main/INFO]: Fabric is preparing JARs on first launch, this may take a few seconds...
[19:41:36] [main/INFO]: Loading 60 mods:
	- baritone-meteor 1.19.3-SNAPSHOT via meteor-client
	- bookshelf 17.0.2
	- cloth-basic-math 0.6.1 via cloth-config
	- cloth-config 9.0.94
	- fabric-api 0.69.1+1.19.3
	- fabric-api-base 0.4.19+8d1895cf85 via fabric-api
	- fabric-api-lookup-api-v1 1.6.18+49abcf7e85 via fabric-api
	- fabric-biome-api-v1 12.0.0+689f5e7185 via fabric-api
	- fabric-block-api-v1 1.0.3+12bfe4ea85 via fabric-api
	- fabric-blockrenderlayer-v1 1.1.28+c6af733c85 via fabric-api
	- fabric-client-tags-api-v1 1.0.9+49abcf7e85 via fabric-api
	- fabric-command-api-v1 1.2.19+f71b366f85 via fabric-api
	- fabric-command-api-v2 2.1.15+49abcf7e85 via fabric-api
	- fabric-commands-v0 0.2.36+df3654b385 via fabric-api
	- fabric-containers-v0 0.1.44+df3654b385 via fabric-api
	- fabric-content-registries-v0 3.4.12+49abcf7e85 via fabric-api
	- fabric-convention-tags-v1 1.2.0+8e4e694f85 via fabric-api
	- fabric-crash-report-info-v1 0.2.12+aeb40ebe85 via fabric-api
	- fabric-data-generation-api-v1 11.1.1+112a38be85 via fabric-api
	- fabric-dimensions-v1 2.1.39+48349a3f85 via fabric-api
	- fabric-entity-events-v1 1.5.5+b83334a085 via fabric-api
	- fabric-events-interaction-v0 0.4.37+422b77fb85 via fabric-api
	- fabric-events-lifecycle-v0 0.2.39+df3654b385 via fabric-api
	- fabric-game-rule-api-v1 1.0.28+2894d6df85 via fabric-api
	- fabric-item-api-v1 2.1.5+4d2c606385 via fabric-api
	- fabric-item-group-api-v1 2.1.8+d3d735d085 via fabric-api
	- fabric-key-binding-api-v1 1.0.28+aaaf9d3385 via fabric-api
	- fabric-keybindings-v0 0.2.26+df3654b385 via fabric-api
	- fabric-lifecycle-events-v1 2.2.8+2894d6df85 via fabric-api
	- fabric-loot-api-v2 1.1.18+75e9821185 via fabric-api
	- fabric-loot-tables-v1 1.1.22+9e7660c685 via fabric-api
	- fabric-message-api-v1 5.0.12+6ede1da985 via fabric-api
	- fabric-mining-level-api-v1 2.1.29+49abcf7e85 via fabric-api
	- fabric-models-v0 0.3.25+11ba9c3b85 via fabric-api
	- fabric-networking-api-v1 1.2.14+d9ac3c3985 via fabric-api
	- fabric-networking-v0 0.3.31+df3654b385 via fabric-api
	- fabric-object-builder-api-v1 5.2.0+e9dee00485 via fabric-api
	- fabric-particles-v1 1.0.18+fbde993d85 via fabric-api
	- fabric-registry-sync-v0 2.0.1+2608564685 via fabric-api
	- fabric-renderer-api-v1 2.1.0+2063beff85 via fabric-api
	- fabric-renderer-indigo 0.6.23+11ba9c3b85 via fabric-api
	- fabric-renderer-registries-v1 3.2.28+df3654b385 via fabric-api
	- fabric-rendering-data-attachment-v1 0.3.23+48349a3f85 via fabric-api
	- fabric-rendering-fluids-v1 3.0.16+3067f46385 via fabric-api
	- fabric-rendering-v0 1.1.31+df3654b385 via fabric-api
	- fabric-rendering-v1 1.11.7+49abcf7e85 via fabric-api
	- fabric-resource-conditions-api-v1 2.2.0+280be3ab85 via fabric-api
	- fabric-resource-loader-v0 0.10.3+a10d22bd85 via fabric-api
	- fabric-screen-api-v1 1.0.39+1d4d0b5785 via fabric-api
	- fabric-screen-handler-api-v1 1.3.10+689f5e7185 via fabric-api
	- fabric-sound-api-v1 1.0.6+75e9821185 via fabric-api
	- fabric-transfer-api-v1 2.1.12+82a2701785 via fabric-api
	- fabric-transitive-access-wideners-v1 2.1.0+0efcd39b85 via fabric-api
	- fabricloader 0.14.11
	- java 17
	- lithium 0.10.4
	- meteor-client 0.5.2-1730
	- minecraft 1.19.3
	- modmenu 5.0.2
	- sodium 0.4.6+build.20
[19:41:37] [main/INFO]: SpongePowered MIXIN Subsystem Version=0.8.5 Source=file:/home/kasm-user/prism/prism-p/libraries/net/fabricmc/sponge-mixin/0.11.4+mixin.0.8.5/sponge-mixin-0.11.4+mixin.0.8.5.jar Service=Knot/Fabric Env=CLIENT
[19:41:37] [main/INFO]: Compatibility level set to JAVA_17
[19:41:37] [main/INFO]: Loaded configuration file for Lithium: 106 options available, 0 override(s) found
[19:41:37] [main/INFO]: Loaded configuration file for Sodium: 30 options available, 0 override(s) found
[19:41:38] [main/WARN]: Configuration conflict: there is more than one oshi.properties file on the classpath: [jar:file:/home/kasm-user/prism/prism-p/libraries/com/github/oshi/oshi-core/6.2.2/oshi-core-6.2.2.jar!/oshi.properties, jar:file:/home/kasm-user/prism/prism-p/libraries/com/github/oshi/oshi-core/6.2.2/oshi-core-6.2.2.jar!/oshi.properties]
[19:41:38] [main/WARN]: Configuration conflict: there is more than one oshi.architecture.properties file on the classpath: [jar:file:/home/kasm-user/prism/prism-p/libraries/com/github/oshi/oshi-core/6.2.2/oshi-core-6.2.2.jar!/oshi.architecture.properties, jar:file:/home/kasm-user/prism/prism-p/libraries/com/github/oshi/oshi-core/6.2.2/oshi-core-6.2.2.jar!/oshi.architecture.properties]
[19:41:41] [main/INFO]: Building optimized datafixer
[19:41:42] [main/WARN]: Unrecognized user type: offline
[19:41:43] [Render thread/INFO]: Environment: authHost='https://authserver.mojang.com', accountsHost='https://api.mojang.com', sessionHost='https://sessionserver.mojang.com', servicesHost='https://api.minecraftservices.com', name='PROD'
[19:41:44] [Render thread/ERROR]: Failed to verify authentication
com.mojang.authlib.exceptions.InvalidCredentialsException: Status: 401
	at com.mojang.authlib.exceptions.MinecraftClientHttpException.toAuthenticationException(MinecraftClientHttpException.java:56) ~[authlib-3.16.29.jar:?]
	at com.mojang.authlib.yggdrasil.YggdrasilUserApiService.fetchProperties(YggdrasilUserApiService.java:156) ~[authlib-3.16.29.jar:?]
	at com.mojang.authlib.yggdrasil.YggdrasilUserApiService.<init>(YggdrasilUserApiService.java:55) ~[authlib-3.16.29.jar:?]
	at com.mojang.authlib.yggdrasil.YggdrasilAuthenticationService.createUserApiService(YggdrasilAuthenticationService.java:161) ~[authlib-3.16.29.jar:?]
	at net.minecraft.class_310.method_31382(class_310.java:724) ~[client-intermediary.jar:?]
	at net.minecraft.class_310.<init>(class_310.java:437) ~[client-intermediary.jar:?]
	at net.minecraft.client.main.Main.method_44604(Main.java:205) ~[minecraft-1.19.3-client.jar:?]
	at net.minecraft.client.main.Main.main(Main.java:51) ~[minecraft-1.19.3-client.jar:?]
	at net.fabricmc.loader.impl.game.minecraft.MinecraftGameProvider.launch(MinecraftGameProvider.java:461) ~[fabric-loader-0.14.11.jar:?]
	at net.fabricmc.loader.impl.launch.knot.Knot.launch(Knot.java:74) ~[fabric-loader-0.14.11.jar:?]
	at net.fabricmc.loader.impl.launch.knot.KnotClient.main(KnotClient.java:23) ~[fabric-loader-0.14.11.jar:?]
	at org.prismlauncher.launcher.impl.StandardLauncher.launch(StandardLauncher.java:88) ~[NewLaunch.jar:?]
	at org.prismlauncher.EntryPoint.listen(EntryPoint.java:126) ~[NewLaunch.jar:?]
	at org.prismlauncher.EntryPoint.main(EntryPoint.java:71) ~[NewLaunch.jar:?]
Caused by: com.mojang.authlib.exceptions.MinecraftClientHttpException: Status: 401
	at com.mojang.authlib.minecraft.client.MinecraftClient.readInputStream(MinecraftClient.java:87) ~[authlib-3.16.29.jar:?]
	at com.mojang.authlib.minecraft.client.MinecraftClient.get(MinecraftClient.java:48) ~[authlib-3.16.29.jar:?]
	at com.mojang.authlib.yggdrasil.YggdrasilUserApiService.fetchProperties(YggdrasilUserApiService.java:129) ~[authlib-3.16.29.jar:?]
	... 12 more
[19:41:44] [Render thread/INFO]: Setting user: tesat
[19:41:44] [Render thread/INFO]: Fixing MC-151457. Crafting remainder for minecraft:pufferfish_bucket is now minecraft:bucket.
[19:41:44] [Render thread/INFO]: Fixing MC-151457. Crafting remainder for minecraft:salmon_bucket is now minecraft:bucket.
[19:41:44] [Render thread/INFO]: Fixing MC-151457. Crafting remainder for minecraft:cod_bucket is now minecraft:bucket.
[19:41:44] [Render thread/INFO]: Fixing MC-151457. Crafting remainder for minecraft:tropical_fish_bucket is now minecraft:bucket.
[19:41:44] [Render thread/INFO]: Fixing MC-151457. Crafting remainder for minecraft:axolotl_bucket is now minecraft:bucket.
[19:41:44] [Render thread/INFO]: Fixing MC-151457. Crafting remainder for minecraft:powder_snow_bucket is now minecraft:bucket.
[19:41:44] [Render thread/INFO]: Fixing MC-151457. Crafting remainder for minecraft:tadpole_bucket is now minecraft:bucket.
[19:41:44] [Render thread/INFO]: [Indigo] Different rendering plugin detected; not applying Indigo.
[19:41:45] [Render thread/INFO]: Backend library: LWJGL version 3.3.1 SNAPSHOT
[19:41:46] [Render thread/WARN]: Static binding violation: PRIVATE @Overwrite method method_23182 in sodium.mixins.json:features.item.MixinItemRenderer from mod sodium cannot reduce visibiliy of PUBLIC target method, visibility will be upgraded.
[19:41:47] [Render thread/INFO]: Narrator library successfully loaded
[19:41:47] [Render thread/INFO]: Reloading ResourceManager: vanilla, Fabric Mods (Bookshelf, Cloth Config v9, Fabric API, Fabric API Base, Fabric API Lookup API (v1), Fabric Biome API (v1), Fabric BlockRenderLayer Registration (v1), Fabric Client Tags, Fabric Command API (v1), Fabric Command API (v2), Fabric Commands (v0), Fabric Containers (v0), Fabric Content Registries (v0), Fabric Convention Tags, Fabric Crash Report Info (v1), Fabric Data Generation API (v1), Fabric Dimensions API (v1), Fabric Entity Events (v1), Fabric Events Interaction (v0), Fabric Events Lifecycle (v0), Fabric Game Rule API (v1), Fabric Item API (v1), Fabric Item Group API (v1), Fabric Key Binding API (v1), Fabric Key Bindings (v0), Fabric Lifecycle Events (v1), Fabric Loot API (v2), Fabric Loot Tables (v1), Fabric Message API (v1), Fabric Mining Level API (v1), Fabric Models (v0), Fabric Networking API (v1), Fabric Networking (v0), Fabric Object Builder API (v1), Fabric Particles (v1), Fabric Registry Sync (v0), Fabric Renderer API (v1), Fabric Renderer - Indigo, Fabric Renderer Registries (v1), Fabric Rendering Data Attachment (v1), Fabric Rendering Fluids (v1), Fabric Rendering (v0), Fabric Rendering (v1), Fabric Resource Conditions API (v1), Fabric Resource Loader (v0), Fabric Screen API (v1), Fabric Screen Handler API (v1), Fabric Sound API (v1), Fabric Transfer API (v1), Fabric Transitive Access Wideners (v1), Fabric Loader, Lithium, Meteor Client, Mod Menu, Sodium)
[19:41:47] [Render thread/INFO]: [STDOUT]: Baritone settings file not found, resetting.
[19:41:47] [Render thread/INFO]: Initializing Meteor Client
[19:41:48] [Realms Notification Availability checker #1/INFO]: Could not authorize you against Realms server: Invalid session id
[19:41:48] [Render thread/INFO]: Reflections took 809 ms to scan 1 urls, producing 18 keys and 799 values
[19:41:49] [Render thread/INFO]: Found 17 font families.
[19:41:50] [Render thread/INFO]: Loading
[19:41:51] [Render thread/INFO]: Loaded in 24 milliseconds
[19:41:51] [Render thread/INFO]: Reflections took 161 ms to scan 1 urls, producing 18 keys and 799 values
[19:41:52] [Render thread/WARN]: Missing sound for event: minecraft:item.goat_horn.play
[19:41:52] [Render thread/WARN]: Missing sound for event: minecraft:entity.goat.screaming.horn_break
[19:41:52] [Render thread/INFO]: OpenAL initialized on device Dummy Output
[19:41:52] [Render thread/INFO]: Sound engine started
[19:41:52] [Render thread/INFO]: Created: 1024x1024x4 minecraft:textures/atlas/blocks.png-atlas
[19:41:52] [Render thread/INFO]: Created: 512x256x4 minecraft:textures/atlas/signs.png-atlas
[19:41:52] [Render thread/INFO]: Created: 1024x512x4 minecraft:textures/atlas/banner_patterns.png-atlas
[19:41:52] [Render thread/INFO]: Created: 1024x512x4 minecraft:textures/atlas/shield_patterns.png-atlas
[19:41:52] [Render thread/INFO]: Created: 256x256x4 minecraft:textures/atlas/chest.png-atlas
[19:41:52] [Render thread/INFO]: Created: 512x256x4 minecraft:textures/atlas/beds.png-atlas
[19:41:52] [Render thread/INFO]: Created: 512x256x4 minecraft:textures/atlas/shulker_boxes.png-atlas
[19:41:53] [Render thread/WARN]: Shader rendertype_entity_translucent_emissive could not find sampler named Sampler2 in the specified shader program.
[19:41:53] [Render thread/INFO]: Created: 512x256x0 minecraft:textures/atlas/particles.png-atlas
[19:41:53] [Render thread/INFO]: Created: 256x256x0 minecraft:textures/atlas/paintings.png-atlas
[19:41:53] [Render thread/INFO]: Created: 256x128x0 minecraft:textures/atlas/mob_effects.png-atlas
[19:41:55] [Render thread/INFO]: Checking latest version of Meteor Client
[19:42:02] [Worker-Bootstrap-13/INFO]: 4445 Datafixer optimizations took 21651 milliseconds
[19:43:31] [Render thread/INFO]: Stopping!
[19:43:31] [Thread-4/INFO]: Saving
